<?xml version="1.0" encoding="UTF-8"?>
<testng-results ignored="0" total="1" passed="1" failed="0" skipped="0">
  <reporter-output>
  </reporter-output>
  <suite started-at="2022-03-24T10:05:10 IST" name="Default suite" finished-at="2022-03-24T10:05:14 IST" duration-ms="3927">
    <groups>
    </groups>
    <test started-at="2022-03-24T10:05:10 IST" name="Default test" finished-at="2022-03-24T10:05:14 IST" duration-ms="3927">
      <class name="com.restassuredtests.tests.APITests">
        <test-method is-config="true" signature="startTest()[pri:0, instance:com.restassuredtests.tests.APITests@49c386c8]" started-at="2022-03-24T10:05:10 IST" name="startTest" finished-at="2022-03-24T10:05:10 IST" duration-ms="223" status="PASS">
          <reporter-output>
          </reporter-output>
        </test-method> <!-- startTest -->
        <test-method signature="verifyLocationDetails()[pri:0, instance:com.restassuredtests.tests.APITests@49c386c8]" started-at="2022-03-24T10:05:10 IST" name="verifyLocationDetails" finished-at="2022-03-24T10:05:14 IST" duration-ms="3312" status="PASS">
          <reporter-output>
          </reporter-output>
        </test-method> <!-- verifyLocationDetails -->
        <test-method is-config="true" signature="tearDown()[pri:0, instance:com.restassuredtests.tests.APITests@49c386c8]" started-at="2022-03-24T10:05:14 IST" name="tearDown" finished-at="2022-03-24T10:05:14 IST" duration-ms="354" status="PASS">
          <reporter-output>
          </reporter-output>
        </test-method> <!-- tearDown -->
      </class> <!-- com.restassuredtests.tests.APITests -->
    </test> <!-- Default test -->
  </suite> <!-- Default suite -->
</testng-results>
